<?xml version="1.0" encoding="UTF-8"?>
<testsuite xmlns:xsi="http://www.w3.org/2001/XMLSchema-instance" xsi:noNamespaceSchemaLocation="https://maven.apache.org/surefire/maven-surefire-plugin/xsd/surefire-test-report-3.0.xsd" version="3.0" name="ie.gmit.pm.PassengerTest" time="0.15" tests="10" errors="0" skipped="0" failures="0">
  <properties>
[...]
</properties>
  <testcase name="testConstructorName" classname="ie.gmit.pm.PassengerTest" time="0.051"/>
  <testcase name="testConstructorBadPhone" classname="ie.gmit.pm.PassengerTest" time="0.006"/>
  <testcase name="testConstructorBadTitle" classname="ie.gmit.pm.PassengerTest" time="0.002"/>
  <testcase name="testConstructorBadID" classname="ie.gmit.pm.PassengerTest" time="0.024"/>
  <testcase name="testConstructorPhone" classname="ie.gmit.pm.PassengerTest" time="0.006"/>
  <testcase name="testConstructorTitle" classname="ie.gmit.pm.PassengerTest" time="0.001"/>
  <testcase name="testConstructorBadAge" classname="ie.gmit.pm.PassengerTest" time="0.002"/>
  <testcase name="testConstructorID" classname="ie.gmit.pm.PassengerTest" time="0.001"/>
  <testcase name="testConstructorBadName" classname="ie.gmit.pm.PassengerTest" time="0.002"/>
  <testcase name="testConstructorAge" classname="ie.gmit.pm.PassengerTest" time="0.001"/>
</testsuite>